17:42:26: Creating resource group General
17:42:26: Creating resource group Internal
17:42:26: Creating resource group Autodetect
17:42:26: SceneManagerFactory for type 'DefaultSceneManager' registered.
17:42:26: Registering ResourceManager for type Material
17:42:26: Registering ResourceManager for type Mesh
17:42:26: Registering ResourceManager for type Skeleton
17:42:26: MovableObjectFactory for type 'ParticleSystem' registered.
17:42:26: OverlayElementFactory for type Panel registered.
17:42:26: OverlayElementFactory for type BorderPanel registered.
17:42:26: OverlayElementFactory for type TextArea registered.
17:42:26: Registering ResourceManager for type Font
17:42:26: ArchiveFactory for archive type FileSystem registered.
17:42:26: ArchiveFactory for archive type Zip registered.
17:42:26: FreeImage version: 3.10.0
17:42:26: This program uses FreeImage, a free, open source image library supporting all common bitmap formats. See http://freeimage.sourceforge.net for details
17:42:26: Supported formats: bmp,ico,jpg,jif,jpeg,jpe,jng,koa,iff,lbm,mng,pbm,pbm,pcd,pcx,pgm,pgm,png,ppm,ppm,ras,tga,targa,tif,tiff,wap,wbmp,wbm,psd,cut,xbm,xpm,gif,hdr,g3,sgi,exr,j2k,j2c,jp2
17:42:26: DDS codec registering
17:42:26: Registering ResourceManager for type HighLevelGpuProgram
17:42:26: Registering ResourceManager for type Compositor
17:42:26: MovableObjectFactory for type 'Entity' registered.
17:42:26: MovableObjectFactory for type 'Light' registered.
17:42:26: MovableObjectFactory for type 'BillboardSet' registered.
17:42:26: MovableObjectFactory for type 'ManualObject' registered.
17:42:26: MovableObjectFactory for type 'BillboardChain' registered.
17:42:26: MovableObjectFactory for type 'RibbonTrail' registered.
17:42:26: Loading library .\RenderSystem_Direct3D9
17:42:26: Installing plugin: D3D9 RenderSystem
17:42:26: D3D9 : Direct3D9 Rendering Subsystem created.
17:42:27: D3D9: Driver Detection Starts
17:42:27: D3D9: Driver Detection Ends
17:42:27: Plugin successfully installed
17:42:27: Loading library .\RenderSystem_GL
17:42:27: Installing plugin: GL RenderSystem
17:42:27: OpenGL Rendering Subsystem created.
17:42:27: Plugin successfully installed
17:42:27: Loading library .\Plugin_ParticleFX
17:42:27: Installing plugin: ParticleFX
17:42:27: Particle Emitter Type 'Point' registered
17:42:27: Particle Emitter Type 'Box' registered
17:42:27: Particle Emitter Type 'Ellipsoid' registered
17:42:27: Particle Emitter Type 'Cylinder' registered
17:42:27: Particle Emitter Type 'Ring' registered
17:42:27: Particle Emitter Type 'HollowEllipsoid' registered
17:42:27: Particle Affector Type 'LinearForce' registered
17:42:27: Particle Affector Type 'ColourFader' registered
17:42:27: Particle Affector Type 'ColourFader2' registered
17:42:27: Particle Affector Type 'ColourImage' registered
17:42:27: Particle Affector Type 'ColourInterpolator' registered
17:42:27: Particle Affector Type 'Scaler' registered
17:42:27: Particle Affector Type 'Rotator' registered
17:42:27: Particle Affector Type 'DirectionRandomiser' registered
17:42:27: Particle Affector Type 'DeflectorPlane' registered
17:42:27: Plugin successfully installed
17:42:27: Loading library .\Plugin_BSPSceneManager
17:42:27: Installing plugin: BSP Scene Manager
17:42:27: Plugin successfully installed
17:42:27: Loading library .\Plugin_CgProgramManager
17:42:27: Installing plugin: Cg Program Manager
17:42:27: Plugin successfully installed
17:42:27: Loading library .\Plugin_PCZSceneManager.dll
17:42:27: Installing plugin: Portal Connected Zone Scene Manager
17:42:27: PCZone Factory Type 'ZoneType_Default' registered
17:42:27: Plugin successfully installed
17:42:27: Loading library .\Plugin_OctreeZone.dll
17:42:27: Installing plugin: Octree Zone Factory
17:42:27: Plugin successfully installed
17:42:27: Loading library .\Plugin_OctreeSceneManager
17:42:27: Installing plugin: Octree & Terrain Scene Manager
17:42:27: Plugin successfully installed
17:42:27: *-*-* OGRE Initialising
17:42:27: *-*-* Version 1.6.4 (Shoggoth)
17:42:27: D3D9 : RenderSystem Option: Allow NVPerfHUD = No
17:42:27: D3D9 : RenderSystem Option: Anti aliasing = None
17:42:27: D3D9 : RenderSystem Option: Floating-point mode = Fastest
17:42:27: D3D9 : RenderSystem Option: Full Screen = No
17:42:27: D3D9 : RenderSystem Option: Rendering Device = NVIDIA GeForce 9800 GT
17:42:27: D3D9 : RenderSystem Option: VSync = No
17:42:27: D3D9 : RenderSystem Option: Video Mode = 1024 x 768 @ 32-bit colour
17:42:27: D3D9 : RenderSystem Option: sRGB Gamma Conversion = No
17:42:28: CPU Identifier & Features
17:42:28: -------------------------
17:42:28:  *   CPU ID: GenuineIntel: Genuine Intel(R) CPU           T2400  @ 1.83GHz
17:42:28:  *      SSE: yes
17:42:28:  *     SSE2: yes
17:42:28:  *     SSE3: yes
17:42:28:  *      MMX: yes
17:42:28:  *   MMXEXT: yes
17:42:28:  *    3DNOW: no
17:42:28:  * 3DNOWEXT: no
17:42:28:  *     CMOV: yes
17:42:28:  *      TSC: yes
17:42:28:  *      FPU: yes
17:42:28:  *      PRO: yes
17:42:28:  *       HT: no
17:42:28: -------------------------
17:42:28: *** Starting Win32GL Subsystem ***
17:42:28: GLRenderSystem::_createRenderWindow "DemoApp v1.0", 1024x768 windowed  miscParams: FSAA=0 colourDepth=32 displayFrequency=0 gamma=false vsync=false 
17:42:28: Created Win32Window 'DemoApp v1.0' : 1024x768, 32bpp
17:42:28: GL_VERSION = 1.1.0
17:42:28: GL_VENDOR = Microsoft Corporation
17:42:28: GL_RENDERER = GDI Generic
17:42:28: GL_EXTENSIONS = GL_WIN_swap_hint GL_EXT_bgra GL_EXT_paletted_texture
17:42:28: ***************************
17:42:28: *** GL Renderer Started ***
17:42:28: ***************************
17:42:28: Registering ResourceManager for type GpuProgram
17:42:28: GL: Using framebuffer copy for rendering to textures (worst)
17:42:28: GL: Warning: RenderTexture size is restricted to size of framebuffer. If you are on Linux, consider using GLX instead of SDL.
17:42:28: RenderSystem capabilities
17:42:28: -------------------------
17:42:28: RenderSystem Name: OpenGL Rendering Subsystem
17:42:28: GPU Vendor: unknown
17:42:28: Device Name: GDI Generic
17:42:28: Driver Version: 1.1.0.0
17:42:28:  * Fixed function pipeline: yes
17:42:28:  * Hardware generation of mipmaps: no
17:42:28:  * Texture blending: no
17:42:28:  * Anisotropic texture filtering: no
17:42:28:  * Dot product texture operation: no
17:42:28:  * Cube mapping: no
17:42:28:  * Hardware stencil buffer: yes
17:42:28:    - Stencil depth: 8
17:42:28:    - Two sided stencil support: no
17:42:28:    - Wrap stencil values: no
17:42:28:  * Hardware vertex / index buffers: no
17:42:28:  * Vertex programs: no
17:42:28:  * Fragment programs: no
17:42:28:  * Geometry programs: no
17:42:28:  * Supported Shader Profiles:
17:42:28:  * Texture Compression: no
17:42:28:  * Scissor Rectangle: yes
17:42:28:  * Hardware Occlusion Query: no
17:42:28:  * User clip planes: yes
17:42:28:  * VET_UBYTE4 vertex element type: yes
17:42:28:  * Infinite far plane projection: yes
17:42:28:  * Hardware render-to-texture: no
17:42:28:  * Floating point textures: no
17:42:28:  * Non-power-of-two textures: no
17:42:28:  * Volume textures: yes
17:42:28:  * Multiple Render Targets: 1
17:42:28:    - With different bit depths: no
17:42:28:  * Point Sprites: no
17:42:28:  * Extended point parameters: no
17:42:28:  * Max Point Size: 10
17:42:28:  * Vertex texture fetch: no
17:42:28:  * Render to Vertex Buffer : no
17:42:28:  * GL 1.5 without VBO workaround: no
17:42:28:  * Frame Buffer objects: no
17:42:28:  * Frame Buffer objects (ARB extension): no
17:42:28:  * Frame Buffer objects (ATI extension): no
17:42:28:  * PBuffer suppport: no
17:42:28:  * GL 1.5 without HW-occlusion workaround: no
17:42:28: Registering ResourceManager for type Texture
17:42:28: ResourceBackgroundQueue - threading disabled
17:42:28: Particle Renderer Type 'billboard' registered
17:42:28: SceneManagerFactory for type 'BspSceneManager' registered.
17:42:28: Registering ResourceManager for type BspLevel
17:42:28: SceneManagerFactory for type 'PCZSceneManager' registered.
17:42:28: MovableObjectFactory for type 'PCZLight' registered.
17:42:28: PCZone Factory Type 'ZoneType_Octree' registered
17:42:28: PCZone Factory Type 'ZoneType_Terrain' registered
17:42:28: SceneManagerFactory for type 'OctreeSceneManager' registered.
17:42:28: SceneManagerFactory for type 'TerrainSceneManager' registered.
17:42:28: Creating resource group Bootstrap
17:42:28: Added resource location 'media/packs/OgreCore.zip' of type 'Zip' to resource group 'Bootstrap'
17:42:28: Added resource location 'media' of type 'FileSystem' to resource group 'General'
17:42:28: Added resource location 'media/own_shaders' of type 'FileSystem' to resource group 'General'
17:42:28: Added resource location 'media/meshes' of type 'FileSystem' to resource group 'General'
17:42:28: Added resource location 'media/gui' of type 'FileSystem' to resource group 'General'
17:42:28: Added resource location 'media/fonts' of type 'FileSystem' to resource group 'General'
17:42:28: Added resource location 'media/overlays' of type 'FileSystem' to resource group 'General'
17:42:28: Added resource location 'media/materials/programs' of type 'FileSystem' to resource group 'General'
17:42:28: Added resource location 'media/materials/scripts' of type 'FileSystem' to resource group 'General'
17:42:28: Added resource location 'media/materials/textures' of type 'FileSystem' to resource group 'General'
17:42:28: Added resource location 'media/packs/cubemapsJS.zip' of type 'Zip' to resource group 'General'
17:42:28: Added resource location 'media/packs/skybox.zip' of type 'Zip' to resource group 'General'
17:42:28: Parsing scripts for resource group Autodetect
17:42:28: Finished parsing scripts for resource group Autodetect
17:42:28: Parsing scripts for resource group Bootstrap
17:42:28: Parsing script OgreCore.material
17:42:28: Parsing script OgreProfiler.material
17:42:28: Parsing script Ogre.fontdef
17:42:28: Parsing script OgreDebugPanel.overlay
17:42:28: Texture: New_Ogre_Border_Center.png: Loading 1 faces(PF_A8R8G8B8,256x128x1) with 5 generated mipmaps from Image. Internal format is PF_A8R8G8B8,256x128x1.
17:42:28: Texture: New_Ogre_Border.png: Loading 1 faces(PF_A8R8G8B8,256x256x1) with 5 generated mipmaps from Image. Internal format is PF_A8R8G8B8,256x256x1.
17:42:28: Texture: New_Ogre_Border_Break.png: Loading 1 faces(PF_A8R8G8B8,32x32x1) with 5 generated mipmaps from Image. Internal format is PF_A8R8G8B8,32x32x1.
17:42:28: Font BlueHighwayusing texture size 512x512
17:42:29: Info: Freetype returned null for character 127 in font BlueHighway
17:42:29: Info: Freetype returned null for character 128 in font BlueHighway
17:42:29: Info: Freetype returned null for character 129 in font BlueHighway
17:42:29: Info: Freetype returned null for character 130 in font BlueHighway
17:42:29: Info: Freetype returned null for character 131 in font BlueHighway
17:42:29: Info: Freetype returned null for character 132 in font BlueHighway
17:42:29: Info: Freetype returned null for character 133 in font BlueHighway
17:42:29: Info: Freetype returned null for character 134 in font BlueHighway
17:42:29: Info: Freetype returned null for character 135 in font BlueHighway
17:42:29: Info: Freetype returned null for character 136 in font BlueHighway
17:42:29: Info: Freetype returned null for character 137 in font BlueHighway
17:42:29: Info: Freetype returned null for character 138 in font BlueHighway
17:42:29: Info: Freetype returned null for character 139 in font BlueHighway
17:42:29: Info: Freetype returned null for character 140 in font BlueHighway
17:42:29: Info: Freetype returned null for character 141 in font BlueHighway
17:42:29: Info: Freetype returned null for character 142 in font BlueHighway
17:42:29: Info: Freetype returned null for character 143 in font BlueHighway
17:42:29: Info: Freetype returned null for character 144 in font BlueHighway
17:42:29: Info: Freetype returned null for character 145 in font BlueHighway
17:42:29: Info: Freetype returned null for character 146 in font BlueHighway
17:42:29: Info: Freetype returned null for character 147 in font BlueHighway
17:42:29: Info: Freetype returned null for character 148 in font BlueHighway
17:42:29: Info: Freetype returned null for character 149 in font BlueHighway
17:42:29: Info: Freetype returned null for character 150 in font BlueHighway
17:42:29: Info: Freetype returned null for character 151 in font BlueHighway
17:42:29: Info: Freetype returned null for character 152 in font BlueHighway
17:42:29: Info: Freetype returned null for character 153 in font BlueHighway
17:42:29: Info: Freetype returned null for character 154 in font BlueHighway
17:42:29: Info: Freetype returned null for character 155 in font BlueHighway
17:42:29: Info: Freetype returned null for character 156 in font BlueHighway
17:42:29: Info: Freetype returned null for character 157 in font BlueHighway
17:42:29: Info: Freetype returned null for character 158 in font BlueHighway
17:42:29: Info: Freetype returned null for character 159 in font BlueHighway
17:42:29: Info: Freetype returned null for character 160 in font BlueHighway
17:42:29: Texture: BlueHighwayTexture: Loading 1 faces(PF_BYTE_LA,512x512x1) with 0 generated mipmaps from Image. Internal format is PF_BYTE_LA,512x512x1.
17:42:29: Texture: ogretext.png: Loading 1 faces(PF_A8R8G8B8,256x128x1) with 5 generated mipmaps from Image. Internal format is PF_A8R8G8B8,256x128x1.
17:42:29: Parsing script OgreLoadingPanel.overlay
17:42:29: Finished parsing scripts for resource group Bootstrap
17:42:29: Parsing scripts for resource group General
17:42:29: Parsing script Examples.program
17:42:29: Parsing script cube.1m.material
17:42:29: Parsing script Ogre.material
17:42:29: Parsing script Example.material
17:42:29: Parsing script Examples-Advanced.material
17:42:30: Compiler error: object unsupported by render system in Examples-Advanced.material(381)
17:42:30: Parsing script Compositor.overlay
17:42:30: Parsing script DP3.overlay
17:42:30: Parsing script Example-CubeMapping.overlay
17:42:30: Parsing script Example-DynTex.overlay
17:42:30: Parsing script Example-Water.overlay
17:42:30: Parsing script Shadows.overlay
17:42:30: Finished parsing scripts for resource group General
17:42:30: Parsing scripts for resource group Internal
17:42:30: Finished parsing scripts for resource group Internal
17:42:30: Demo initialized!
17:42:30: Creating resource group Cartoon
17:42:30: Added resource location 'media/scripts' of type 'FileSystem' to resource group 'Cartoon'
17:42:30: Added resource location 'media/textures' of type 'FileSystem' to resource group 'Cartoon'
17:42:30: Initialising resource group Cartoon
17:42:30: Parsing scripts for resource group Cartoon
17:42:30: Parsing script Cartoon.material
17:42:30: Parsing script Cartoon.particle
17:42:30: Finished parsing scripts for resource group Cartoon
17:42:31: OGRE EXCEPTION(3:RenderingAPIException): Zero sized texture surface on texture weirdsky_fr.jpg face 0 mipmap 0. Probably, the GL driver refused to create the texture. in GLTexture::_createSurfaceList at ..\src\OgreGLTexture.cpp (line 405)
17:42:31: PCZone Factory Type 'ZoneType_Octree' unregistered
17:42:31: PCZone Factory Type 'ZoneType_Terrain' unregistered
17:42:31: Unregistering ResourceManager for type BspLevel
17:42:31: *-*-* OGRE Shutdown
17:42:31: Unregistering ResourceManager for type Compositor
17:42:31: Unregistering ResourceManager for type Font
17:42:31: Unregistering ResourceManager for type Skeleton
17:42:31: Unregistering ResourceManager for type Mesh
17:42:31: Unregistering ResourceManager for type HighLevelGpuProgram
17:42:31: Uninstalling plugin: Octree & Terrain Scene Manager
17:42:31: Plugin successfully uninstalled
17:42:31: Unloading library .\Plugin_OctreeSceneManager
17:42:31: Uninstalling plugin: Octree Zone Factory
17:42:31: Plugin successfully uninstalled
17:42:31: Unloading library .\Plugin_OctreeZone.dll
17:42:31: Uninstalling plugin: Portal Connected Zone Scene Manager
17:42:31: Plugin successfully uninstalled
17:42:31: Unloading library .\Plugin_PCZSceneManager.dll
17:42:31: Uninstalling plugin: Cg Program Manager
17:42:31: Plugin successfully uninstalled
17:42:31: Unloading library .\Plugin_CgProgramManager
17:42:31: Uninstalling plugin: BSP Scene Manager
17:42:31: Plugin successfully uninstalled
17:42:31: Unloading library .\Plugin_BSPSceneManager
17:42:31: Uninstalling plugin: ParticleFX
17:42:31: Plugin successfully uninstalled
17:42:31: Unloading library .\Plugin_ParticleFX
17:42:31: Uninstalling plugin: GL RenderSystem
17:42:31: Unregistering ResourceManager for type GpuProgram
17:42:31: *** Stopping Win32GL Subsystem ***
17:42:31: Unregistering ResourceManager for type Texture
17:42:31: Plugin successfully uninstalled
17:42:31: Unloading library .\RenderSystem_GL
17:42:31: Uninstalling plugin: D3D9 RenderSystem
17:42:31: D3D9 : Shutting down cleanly.
17:42:31: D3D9 : Direct3D9 Rendering Subsystem destroyed.
17:42:31: Plugin successfully uninstalled
17:42:31: Unloading library .\RenderSystem_Direct3D9
17:42:31: Unregistering ResourceManager for type Material
